# JRE version: OpenJDK Runtime Environment (8.0_292-b10) (build 1.8.0_292-b10)
# Java VM: OpenJDK 64-Bit Server VM (25.292-b10 mixed mode linux-amd64 compressed oops)
Heap:
 PSYoungGen      total 175104K, used 75992K [0x00000000f0000000, 0x0000000100000000, 0x0000000100000000)
  eden space 88064K, 12% used [0x00000000f0000000,0x00000000f0b15408,0x00000000f5600000)
  from space 87040K, 74% used [0x00000000fab00000,0x00000000fea20c28,0x0000000100000000)
  to   space 87040K, 0% used [0x00000000f5600000,0x00000000f5600000,0x00000000fab00000)
 ParOldGen       total 524288K, used 90032K [0x00000000d0000000, 0x00000000f0000000, 0x00000000f0000000)
  object space 524288K, 17% used [0x00000000d0000000,0x00000000d57ec018,0x00000000f0000000)
 Metaspace       used 87949K, capacity 91324K, committed 91416K, reserved 1128448K
  class space    used 10322K, capacity 11520K, committed 11568K, reserved 1048576K
GC Heap History (10 events):
Event: 399.210 GC heap before
{Heap before GC invocations=33 (full 3):
 PSYoungGen      total 196608K, used 196324K [0x00000000f0000000, 0x0000000100000000, 0x0000000100000000)
  eden space 149504K, 100% used [0x00000000f0000000,0x00000000f9200000,0x00000000f9200000)
  from space 47104K, 99% used [0x00000000f9200000,0x00000000fbfb9308,0x00000000fc000000)
  to   space 61440K, 0% used [0x00000000fc400000,0x00000000fc400000,0x0000000100000000)
 ParOldGen       total 524288K, used 89992K [0x00000000d0000000, 0x00000000f0000000, 0x00000000f0000000)
  object space 524288K, 17% used [0x00000000d0000000,0x00000000d57e2018,0x00000000f0000000)
 Metaspace       used 75598K, capacity 78758K, committed 78872K, reserved 1118208K
  class space    used 9649K, capacity 10798K, committed 10800K, reserved 1048576K
Event: 399.235 GC heap after
Heap after GC invocations=33 (full 3):
 PSYoungGen      total 191488K, used 48941K [0x00000000f0000000, 0x0000000100000000, 0x0000000100000000)
  eden space 130048K, 0% used [0x00000000f0000000,0x00000000f0000000,0x00000000f7f00000)
  from space 61440K, 79% used [0x00000000fc400000,0x00000000ff3cb750,0x0000000100000000)
  to   space 66048K, 0% used [0x00000000f7f00000,0x00000000f7f00000,0x00000000fbf80000)
 ParOldGen       total 524288K, used 90000K [0x00000000d0000000, 0x00000000f0000000, 0x00000000f0000000)
  object space 524288K, 17% used [0x00000000d0000000,0x00000000d57e4018,0x00000000f0000000)
 Metaspace       used 75598K, capacity 78758K, committed 78872K, reserved 1118208K
  class space    used 9649K, capacity 10798K, committed 10800K, reserved 1048576K
}
Event: 405.833 GC heap before
{Heap before GC invocations=34 (full 3):
 PSYoungGen      total 191488K, used 178989K [0x00000000f0000000, 0x0000000100000000, 0x0000000100000000)
  eden space 130048K, 100% used [0x00000000f0000000,0x00000000f7f00000,0x00000000f7f00000)
  from space 61440K, 79% used [0x00000000fc400000,0x00000000ff3cb750,0x0000000100000000)
  to   space 66048K, 0% used [0x00000000f7f00000,0x00000000f7f00000,0x00000000fbf80000)
 ParOldGen       total 524288K, used 90000K [0x00000000d0000000, 0x00000000f0000000, 0x00000000f0000000)
  object space 524288K, 17% used [0x00000000d0000000,0x00000000d57e4018,0x00000000f0000000)
 Metaspace       used 77111K, capacity 80334K, committed 80536K, reserved 1118208K
  class space    used 9734K, capacity 10910K, committed 10928K, reserved 1048576K
Event: 405.854 GC heap after
Heap after GC invocations=34 (full 3):
 PSYoungGen      total 185344K, used 55008K [0x00000000f0000000, 0x0000000100000000, 0x0000000100000000)
  eden space 130048K, 0% used [0x00000000f0000000,0x00000000f0000000,0x00000000f7f00000)
  from space 55296K, 99% used [0x00000000f7f00000,0x00000000fb4b8310,0x00000000fb500000)
  to   space 71680K, 0% used [0x00000000fba00000,0x00000000fba00000,0x0000000100000000)
 ParOldGen       total 524288K, used 90008K [0x00000000d0000000, 0x00000000f0000000, 0x00000000f0000000)
  object space 524288K, 17% used [0x00000000d0000000,0x00000000d57e6018,0x00000000f0000000)
 Metaspace       used 77111K, capacity 80334K, committed 80536K, reserved 1118208K
  class space    used 9734K, capacity 10910K, committed 10928K, reserved 1048576K
}
Event: 406.171 GC heap before
{Heap before GC invocations=35 (full 3):
 PSYoungGen      total 185344K, used 185056K [0x00000000f0000000, 0x0000000100000000, 0x0000000100000000)
  eden space 130048K, 100% used [0x00000000f0000000,0x00000000f7f00000,0x00000000f7f00000)
  from space 55296K, 99% used [0x00000000f7f00000,0x00000000fb4b8310,0x00000000fb500000)
  to   space 71680K, 0% used [0x00000000fba00000,0x00000000fba00000,0x0000000100000000)
 ParOldGen       total 524288K, used 90008K [0x00000000d0000000, 0x00000000f0000000, 0x00000000f0000000)
  object space 524288K, 17% used [0x00000000d0000000,0x00000000d57e6018,0x00000000f0000000)
 Metaspace       used 82130K, capacity 85432K, committed 85656K, reserved 1124352K
  class space    used 9977K, capacity 11147K, committed 11184K, reserved 1048576K
Event: 406.197 GC heap after
Heap after GC invocations=35 (full 3):
 PSYoungGen      total 175104K, used 62789K [0x00000000f0000000, 0x0000000100000000, 0x0000000100000000)
  eden space 103424K, 0% used [0x00000000f0000000,0x00000000f0000000,0x00000000f6500000)
  from space 71680K, 87% used [0x00000000fba00000,0x00000000ff7514f0,0x0000000100000000)
  to   space 79360K, 0% used [0x00000000f6500000,0x00000000f6500000,0x00000000fb280000)
 ParOldGen       total 524288K, used 90016K [0x00000000d0000000, 0x00000000f0000000, 0x00000000f0000000)
  object space 524288K, 17% used [0x00000000d0000000,0x00000000d57e8018,0x00000000f0000000)
 Metaspace       used 82130K, capacity 85432K, committed 85656K, reserved 1124352K
  class space    used 9977K, capacity 11147K, committed 11184K, reserved 1048576K
}
Event: 829.086 GC heap before
{Heap before GC invocations=36 (full 3):
 PSYoungGen      total 175104K, used 166213K [0x00000000f0000000, 0x0000000100000000, 0x0000000100000000)
  eden space 103424K, 100% used [0x00000000f0000000,0x00000000f6500000,0x00000000f6500000)
  from space 71680K, 87% used [0x00000000fba00000,0x00000000ff7514f0,0x0000000100000000)
  to   space 79360K, 0% used [0x00000000f6500000,0x00000000f6500000,0x00000000fb280000)
 ParOldGen       total 524288K, used 90016K [0x00000000d0000000, 0x00000000f0000000, 0x00000000f0000000)
  object space 524288K, 17% used [0x00000000d0000000,0x00000000d57e8018,0x00000000f0000000)
 Metaspace       used 86515K, capacity 89868K, committed 90008K, reserved 1128448K
  class space    used 10208K, capacity 11385K, committed 11440K, reserved 1048576K
Event: 829.106 GC heap after
Heap after GC invocations=36 (full 3):
 PSYoungGen      total 170496K, used 66794K [0x00000000f0000000, 0x0000000100000000, 0x0000000100000000)
  eden space 103424K, 0% used [0x00000000f0000000,0x00000000f0000000,0x00000000f6500000)
  from space 67072K, 99% used [0x00000000f6500000,0x00000000fa63aae0,0x00000000fa680000)
  to   space 87040K, 0% used [0x00000000fab00000,0x00000000fab00000,0x0000000100000000)
 ParOldGen       total 524288K, used 90024K [0x00000000d0000000, 0x00000000f0000000, 0x00000000f0000000)
  object space 524288K, 17% used [0x00000000d0000000,0x00000000d57ea018,0x00000000f0000000)
 Metaspace       used 86515K, capacity 89868K, committed 90008K, reserved 1128448K
  class space    used 10208K, capacity 11385K, committed 11440K, reserved 1048576K
}
Event: 834.751 GC heap before
{Heap before GC invocations=37 (full 3):
 PSYoungGen      total 170496K, used 170218K [0x00000000f0000000, 0x0000000100000000, 0x0000000100000000)
  eden space 103424K, 100% used [0x00000000f0000000,0x00000000f6500000,0x00000000f6500000)
  from space 67072K, 99% used [0x00000000f6500000,0x00000000fa63aae0,0x00000000fa680000)
  to   space 87040K, 0% used [0x00000000fab00000,0x00000000fab00000,0x0000000100000000)
 ParOldGen       total 524288K, used 90024K [0x00000000d0000000, 0x00000000f0000000, 0x00000000f0000000)
  object space 524288K, 17% used [0x00000000d0000000,0x00000000d57ea018,0x00000000f0000000)
 Metaspace       used 87887K, capacity 91318K, committed 91416K, reserved 1128448K
  class space    used 10308K, capacity 11519K, committed 11568K, reserved 1048576K
Event: 834.773 GC heap after
Heap after GC invocations=37 (full 3):
 PSYoungGen      total 175104K, used 64643K [0x00000000f0000000, 0x0000000100000000, 0x0000000100000000)
  eden space 88064K, 0% used [0x00000000f0000000,0x00000000f0000000,0x00000000f5600000)
  from space 87040K, 74% used [0x00000000fab00000,0x00000000fea20c28,0x0000000100000000)
  to   space 87040K, 0% used [0x00000000f5600000,0x00000000f5600000,0x00000000fab00000)
 ParOldGen       total 524288K, used 90032K [0x00000000d0000000, 0x00000000f0000000, 0x00000000f0000000)
  object space 524288K, 17% used [0x00000000d0000000,0x00000000d57ec018,0x00000000f0000000)
 Metaspace       used 87887K, capacity 91318K, committed 91416K, reserved 1128448K
  class space    used 10308K, capacity 11519K, committed 11568K, reserved 1048576K
}

